This file contains any messages produced by compilers while
running configure, to aid debugging if configure makes a mistake.

It was created by psplash configure 0.1, which was
generated by GNU Autoconf 2.68.  Invocation command line was

  $ ./configure --host=arm

## --------- ##
## Platform. ##
## --------- ##

hostname = tom-virtual-machine
uname -m = i686
uname -r = 3.13.0-32-generic
uname -s = Linux
uname -v = #57~precise1-Ubuntu SMP Tue Jul 15 03:50:54 UTC 2014

/usr/bin/uname -p = unknown
/bin/uname -X     = unknown

/bin/arch              = unknown
/usr/bin/arch -k       = unknown
/usr/convex/getsysinfo = unknown
/usr/bin/hostinfo      = unknown
/bin/machine           = unknown
/usr/bin/oslevel       = unknown
/bin/universe          = unknown

PATH: /extend/home/bin
PATH: /extend/qtcreator-3.4.2/bin
PATH: /home/tom/opt/FriendlyARM/toolschain/4.4.3/bin
PATH: /usr/lib/lightdm/lightdm
PATH: /usr/local/sbin
PATH: /usr/local/bin
PATH: /usr/sbin
PATH: /usr/bin
PATH: /sbin
PATH: /bin
PATH: /usr/games


## ----------- ##
## Core tests. ##
## ----------- ##

configure:1938: checking for a BSD-compatible install
configure:2006: result: /usr/bin/install -c
configure:2017: checking whether build environment is sane
configure:2067: result: yes
configure:2116: checking for arm-strip
configure:2146: result: no
configure:2156: checking for strip
configure:2172: found /usr/bin/strip
configure:2183: result: strip
configure:2208: checking for a thread-safe mkdir -p
configure:2247: result: /bin/mkdir -p
configure:2260: checking for gawk
configure:2276: found /usr/bin/gawk
configure:2287: result: gawk
configure:2298: checking whether make sets $(MAKE)
configure:2320: result: yes
configure:2416: checking for style of include used by make
configure:2444: result: GNU
configure:2475: checking for arm-gcc
configure:2502: result: /opt/freescale/usr/local/gcc-4.6.2-glibc-2.13-linaro-multilib-2011.12/fsl-linaro-toolchain/bin/arm-none-linux-gnueabi-gcc
configure:2771: checking for C compiler version
configure:2780: /opt/freescale/usr/local/gcc-4.6.2-glibc-2.13-linaro-multilib-2011.12/fsl-linaro-toolchain/bin/arm-none-linux-gnueabi-gcc --version >&5
arm-none-linux-gnueabi-gcc (Freescale MAD -- Linaro 2011.07 -- Built at 2011/08/10 09:20) 4.6.2 20110630 (prerelease)
Copyright (C) 2011 Free Software Foundation, Inc.
This is free software; see the source for copying conditions.  There is NO
warranty; not even for MERCHANTABILITY or FITNESS FOR A PARTICULAR PURPOSE.

configure:2791: $? = 0
configure:2780: /opt/freescale/usr/local/gcc-4.6.2-glibc-2.13-linaro-multilib-2011.12/fsl-linaro-toolchain/bin/arm-none-linux-gnueabi-gcc -v >&5
Using built-in specs.
COLLECT_GCC=/opt/freescale/usr/local/gcc-4.6.2-glibc-2.13-linaro-multilib-2011.12/fsl-linaro-toolchain/bin/arm-none-linux-gnueabi-gcc
COLLECT_LTO_WRAPPER=/opt/freescale/usr/local/gcc-4.6.2-glibc-2.13-linaro-multilib-2011.12/fsl-linaro-toolchain/bin/../libexec/gcc/arm-fsl-linux-gnueabi/4.6.2/lto-wrapper
Target: arm-fsl-linux-gnueabi
Configured with: /work/build/.build/src/gcc-linaro-4.6-2011.06-0/configure --build=i686-build_pc-linux-gnu --host=i686-build_pc-linux-gnu --target=arm-fsl-linux-gnueabi --prefix=/work/fsl-linaro-toolchain-2.13 --with-sysroot=/work/fsl-linaro-toolchain-2.13/arm-fsl-linux-gnueabi/multi-libs --enable-languages=c,c++ --with-pkgversion='Freescale MAD -- Linaro 2011.07 -- Built at 2011/08/10 09:20' --enable-__cxa_atexit --disable-libmudflap --disable-libgomp --disable-libssp --with-gmp=/work/build/.build/arm-fsl-linux-gnueabi/build/static --with-mpfr=/work/build/.build/arm-fsl-linux-gnueabi/build/static --with-mpc=/work/build/.build/arm-fsl-linux-gnueabi/build/static --with-ppl=/work/build/.build/arm-fsl-linux-gnueabi/build/static --with-cloog=/work/build/.build/arm-fsl-linux-gnueabi/build/static --with-libelf=/work/build/.build/arm-fsl-linux-gnueabi/build/static --with-host-libstdcxx='-static-libgcc -Wl,-Bstatic,-lstdc++,-Bdynamic -lm -L/work/build/.build/arm-fsl-linux-gnueabi/build/static/lib -lpwl' --enable-threads=posix --enable-target-optspace --enable-plugin --enable-multilib --with-local-prefix=/work/fsl-linaro-toolchain-2.13/arm-fsl-linux-gnueabi/multi-libs --disable-nls --enable-c99 --enable-long-long --with-system-zlib
Thread model: posix
gcc version 4.6.2 20110630 (prerelease) (Freescale MAD -- Linaro 2011.07 -- Built at 2011/08/10 09:20) 
configure:2791: $? = 0
configure:2780: /opt/freescale/usr/local/gcc-4.6.2-glibc-2.13-linaro-multilib-2011.12/fsl-linaro-toolchain/bin/arm-none-linux-gnueabi-gcc -V >&5
arm-none-linux-gnueabi-gcc: error: unrecognized option '-V'
arm-none-linux-gnueabi-gcc: fatal error: no input files
compilation terminated.
configure:2791: $? = 1
configure:2780: /opt/freescale/usr/local/gcc-4.6.2-glibc-2.13-linaro-multilib-2011.12/fsl-linaro-toolchain/bin/arm-none-linux-gnueabi-gcc -qversion >&5
arm-none-linux-gnueabi-gcc: error: unrecognized option '-qversion'
arm-none-linux-gnueabi-gcc: fatal error: no input files
compilation terminated.
configure:2791: $? = 1
configure:2811: checking whether the C compiler works
configure:2833: /opt/freescale/usr/local/gcc-4.6.2-glibc-2.13-linaro-multilib-2011.12/fsl-linaro-toolchain/bin/arm-none-linux-gnueabi-gcc    conftest.c  >&5
configure:2837: $? = 0
configure:2885: result: yes
configure:2888: checking for C compiler default output file name
configure:2890: result: a.out
configure:2896: checking for suffix of executables
configure:2903: /opt/freescale/usr/local/gcc-4.6.2-glibc-2.13-linaro-multilib-2011.12/fsl-linaro-toolchain/bin/arm-none-linux-gnueabi-gcc -o conftest    conftest.c  >&5
configure:2907: $? = 0
configure:2929: result: 
configure:2951: checking whether we are cross compiling
configure:2959: /opt/freescale/usr/local/gcc-4.6.2-glibc-2.13-linaro-multilib-2011.12/fsl-linaro-toolchain/bin/arm-none-linux-gnueabi-gcc -o conftest    conftest.c  >&5
configure:2963: $? = 0
configure:2970: ./conftest
./configure: line 2972: ./conftest: cannot execute binary file
configure:2974: $? = 126
configure:2989: result: yes
configure:2994: checking for suffix of object files
configure:3016: /opt/freescale/usr/local/gcc-4.6.2-glibc-2.13-linaro-multilib-2011.12/fsl-linaro-toolchain/bin/arm-none-linux-gnueabi-gcc -c   conftest.c >&5
configure:3020: $? = 0
configure:3041: result: o
configure:3045: checking whether we are using the GNU C compiler
configure:3064: /opt/freescale/usr/local/gcc-4.6.2-glibc-2.13-linaro-multilib-2011.12/fsl-linaro-toolchain/bin/arm-none-linux-gnueabi-gcc -c   conftest.c >&5
configure:3064: $? = 0
configure:3073: result: yes
configure:3082: checking whether /opt/freescale/usr/local/gcc-4.6.2-glibc-2.13-linaro-multilib-2011.12/fsl-linaro-toolchain/bin/arm-none-linux-gnueabi-gcc accepts -g
configure:3102: /opt/freescale/usr/local/gcc-4.6.2-glibc-2.13-linaro-multilib-2011.12/fsl-linaro-toolchain/bin/arm-none-linux-gnueabi-gcc -c -g  conftest.c >&5
configure:3102: $? = 0
configure:3143: result: yes
configure:3160: checking for /opt/freescale/usr/local/gcc-4.6.2-glibc-2.13-linaro-multilib-2011.12/fsl-linaro-toolchain/bin/arm-none-linux-gnueabi-gcc option to accept ISO C89
configure:3224: /opt/freescale/usr/local/gcc-4.6.2-glibc-2.13-linaro-multilib-2011.12/fsl-linaro-toolchain/bin/arm-none-linux-gnueabi-gcc  -c -g -O2  conftest.c >&5
configure:3224: $? = 0
configure:3237: result: none needed
configure:3259: checking dependency style of /opt/freescale/usr/local/gcc-4.6.2-glibc-2.13-linaro-multilib-2011.12/fsl-linaro-toolchain/bin/arm-none-linux-gnueabi-gcc
configure:3370: result: gcc3
configure:3386: checking for library containing strerror
configure:3417: /opt/freescale/usr/local/gcc-4.6.2-glibc-2.13-linaro-multilib-2011.12/fsl-linaro-toolchain/bin/arm-none-linux-gnueabi-gcc -o conftest -g -O2   conftest.c  >&5
configure:3417: $? = 0
configure:3434: result: none required
configure:3450: checking for arm-gcc
configure:3477: result: /opt/freescale/usr/local/gcc-4.6.2-glibc-2.13-linaro-multilib-2011.12/fsl-linaro-toolchain/bin/arm-none-linux-gnueabi-gcc
configure:3746: checking for C compiler version
configure:3755: /opt/freescale/usr/local/gcc-4.6.2-glibc-2.13-linaro-multilib-2011.12/fsl-linaro-toolchain/bin/arm-none-linux-gnueabi-gcc --version >&5
arm-none-linux-gnueabi-gcc (Freescale MAD -- Linaro 2011.07 -- Built at 2011/08/10 09:20) 4.6.2 20110630 (prerelease)
Copyright (C) 2011 Free Software Foundation, Inc.
This is free software; see the source for copying conditions.  There is NO
warranty; not even for MERCHANTABILITY or FITNESS FOR A PARTICULAR PURPOSE.

configure:3766: $? = 0
configure:3755: /opt/freescale/usr/local/gcc-4.6.2-glibc-2.13-linaro-multilib-2011.12/fsl-linaro-toolchain/bin/arm-none-linux-gnueabi-gcc -v >&5
Using built-in specs.
COLLECT_GCC=/opt/freescale/usr/local/gcc-4.6.2-glibc-2.13-linaro-multilib-2011.12/fsl-linaro-toolchain/bin/arm-none-linux-gnueabi-gcc
COLLECT_LTO_WRAPPER=/opt/freescale/usr/local/gcc-4.6.2-glibc-2.13-linaro-multilib-2011.12/fsl-linaro-toolchain/bin/../libexec/gcc/arm-fsl-linux-gnueabi/4.6.2/lto-wrapper
Target: arm-fsl-linux-gnueabi
Configured with: /work/build/.build/src/gcc-linaro-4.6-2011.06-0/configure --build=i686-build_pc-linux-gnu --host=i686-build_pc-linux-gnu --target=arm-fsl-linux-gnueabi --prefix=/work/fsl-linaro-toolchain-2.13 --with-sysroot=/work/fsl-linaro-toolchain-2.13/arm-fsl-linux-gnueabi/multi-libs --enable-languages=c,c++ --with-pkgversion='Freescale MAD -- Linaro 2011.07 -- Built at 2011/08/10 09:20' --enable-__cxa_atexit --disable-libmudflap --disable-libgomp --disable-libssp --with-gmp=/work/build/.build/arm-fsl-linux-gnueabi/build/static --with-mpfr=/work/build/.build/arm-fsl-linux-gnueabi/build/static --with-mpc=/work/build/.build/arm-fsl-linux-gnueabi/build/static --with-ppl=/work/build/.build/arm-fsl-linux-gnueabi/build/static --with-cloog=/work/build/.build/arm-fsl-linux-gnueabi/build/static --with-libelf=/work/build/.build/arm-fsl-linux-gnueabi/build/static --with-host-libstdcxx='-static-libgcc -Wl,-Bstatic,-lstdc++,-Bdynamic -lm -L/work/build/.build/arm-fsl-linux-gnueabi/build/static/lib -lpwl' --enable-threads=posix --enable-target-optspace --enable-plugin --enable-multilib --with-local-prefix=/work/fsl-linaro-toolchain-2.13/arm-fsl-linux-gnueabi/multi-libs --disable-nls --enable-c99 --enable-long-long --with-system-zlib
Thread model: posix
gcc version 4.6.2 20110630 (prerelease) (Freescale MAD -- Linaro 2011.07 -- Built at 2011/08/10 09:20) 
configure:3766: $? = 0
configure:3755: /opt/freescale/usr/local/gcc-4.6.2-glibc-2.13-linaro-multilib-2011.12/fsl-linaro-toolchain/bin/arm-none-linux-gnueabi-gcc -V >&5
arm-none-linux-gnueabi-gcc: error: unrecognized option '-V'
arm-none-linux-gnueabi-gcc: fatal error: no input files
compilation terminated.
configure:3766: $? = 1
configure:3755: /opt/freescale/usr/local/gcc-4.6.2-glibc-2.13-linaro-multilib-2011.12/fsl-linaro-toolchain/bin/arm-none-linux-gnueabi-gcc -qversion >&5
arm-none-linux-gnueabi-gcc: error: unrecognized option '-qversion'
arm-none-linux-gnueabi-gcc: fatal error: no input files
compilation terminated.
configure:3766: $? = 1
configure:3770: checking whether we are using the GNU C compiler
configure:3798: result: yes
configure:3807: checking whether /opt/freescale/usr/local/gcc-4.6.2-glibc-2.13-linaro-multilib-2011.12/fsl-linaro-toolchain/bin/arm-none-linux-gnueabi-gcc accepts -g
configure:3868: result: yes
configure:3885: checking for /opt/freescale/usr/local/gcc-4.6.2-glibc-2.13-linaro-multilib-2011.12/fsl-linaro-toolchain/bin/arm-none-linux-gnueabi-gcc option to accept ISO C89
configure:3962: result: none needed
configure:3984: checking dependency style of /opt/freescale/usr/local/gcc-4.6.2-glibc-2.13-linaro-multilib-2011.12/fsl-linaro-toolchain/bin/arm-none-linux-gnueabi-gcc
configure:4095: result: gcc3
configure:4115: checking how to run the C preprocessor
configure:4146: /opt/freescale/usr/local/gcc-4.6.2-glibc-2.13-linaro-multilib-2011.12/fsl-linaro-toolchain/bin/arm-none-linux-gnueabi-gcc -E  conftest.c
configure:4146: $? = 0
configure:4160: /opt/freescale/usr/local/gcc-4.6.2-glibc-2.13-linaro-multilib-2011.12/fsl-linaro-toolchain/bin/arm-none-linux-gnueabi-gcc -E  conftest.c
conftest.c:11:28: fatal error: ac_nonexistent.h: No such file or directory
compilation terminated.
configure:4160: $? = 1
configure: failed program was:
| /* confdefs.h */
| #define PACKAGE_NAME "psplash"
| #define PACKAGE_TARNAME "psplash"
| #define PACKAGE_VERSION "0.1"
| #define PACKAGE_STRING "psplash 0.1"
| #define PACKAGE_BUGREPORT "http://bugzilla.o-hand.com/enter_bug.cgi?product=psplash"
| #define PACKAGE_URL ""
| #define PACKAGE "psplash"
| #define VERSION "0.1"
| /* end confdefs.h.  */
| #include <ac_nonexistent.h>
configure:4185: result: /opt/freescale/usr/local/gcc-4.6.2-glibc-2.13-linaro-multilib-2011.12/fsl-linaro-toolchain/bin/arm-none-linux-gnueabi-gcc -E
configure:4205: /opt/freescale/usr/local/gcc-4.6.2-glibc-2.13-linaro-multilib-2011.12/fsl-linaro-toolchain/bin/arm-none-linux-gnueabi-gcc -E  conftest.c
configure:4205: $? = 0
configure:4219: /opt/freescale/usr/local/gcc-4.6.2-glibc-2.13-linaro-multilib-2011.12/fsl-linaro-toolchain/bin/arm-none-linux-gnueabi-gcc -E  conftest.c
conftest.c:11:28: fatal error: ac_nonexistent.h: No such file or directory
compilation terminated.
configure:4219: $? = 1
configure: failed program was:
| /* confdefs.h */
| #define PACKAGE_NAME "psplash"
| #define PACKAGE_TARNAME "psplash"
| #define PACKAGE_VERSION "0.1"
| #define PACKAGE_STRING "psplash 0.1"
| #define PACKAGE_BUGREPORT "http://bugzilla.o-hand.com/enter_bug.cgi?product=psplash"
| #define PACKAGE_URL ""
| #define PACKAGE "psplash"
| #define VERSION "0.1"
| /* end confdefs.h.  */
| #include <ac_nonexistent.h>
configure:4248: checking for grep that handles long lines and -e
configure:4306: result: /bin/grep
configure:4311: checking for egrep
configure:4373: result: /bin/grep -E
configure:4378: checking for ANSI C header files
configure:4398: /opt/freescale/usr/local/gcc-4.6.2-glibc-2.13-linaro-multilib-2011.12/fsl-linaro-toolchain/bin/arm-none-linux-gnueabi-gcc -c -g -O2  conftest.c >&5
configure:4398: $? = 0
configure:4482: result: yes
configure:4633: creating ./config.status

## ---------------------- ##
## Running config.status. ##
## ---------------------- ##

This file was extended by psplash config.status 0.1, which was
generated by GNU Autoconf 2.68.  Invocation command line was

  CONFIG_FILES    = 
  CONFIG_HEADERS  = 
  CONFIG_LINKS    = 
  CONFIG_COMMANDS = 
  $ ./config.status 

on tom-virtual-machine

config.status:852: creating Makefile
config.status:852: creating config.h
config.status:1033: config.h is unchanged
config.status:1081: executing depfiles commands

## ---------------- ##
## Cache variables. ##
## ---------------- ##

ac_cv_c_compiler_gnu=yes
ac_cv_env_CC_set=set
ac_cv_env_CC_value=/opt/freescale/usr/local/gcc-4.6.2-glibc-2.13-linaro-multilib-2011.12/fsl-linaro-toolchain/bin/arm-none-linux-gnueabi-gcc
ac_cv_env_CFLAGS_set=
ac_cv_env_CFLAGS_value=
ac_cv_env_CPPFLAGS_set=
ac_cv_env_CPPFLAGS_value=
ac_cv_env_CPP_set=
ac_cv_env_CPP_value=
ac_cv_env_LDFLAGS_set=
ac_cv_env_LDFLAGS_value=
ac_cv_env_LIBS_set=
ac_cv_env_LIBS_value=
ac_cv_env_build_alias_set=
ac_cv_env_build_alias_value=
ac_cv_env_host_alias_set=set
ac_cv_env_host_alias_value=arm
ac_cv_env_target_alias_set=
ac_cv_env_target_alias_value=
ac_cv_header_stdc=yes
ac_cv_objext=o
ac_cv_path_EGREP='/bin/grep -E'
ac_cv_path_GREP=/bin/grep
ac_cv_path_install='/usr/bin/install -c'
ac_cv_path_mkdir=/bin/mkdir
ac_cv_prog_AWK=gawk
ac_cv_prog_CC=/opt/freescale/usr/local/gcc-4.6.2-glibc-2.13-linaro-multilib-2011.12/fsl-linaro-toolchain/bin/arm-none-linux-gnueabi-gcc
ac_cv_prog_CPP='/opt/freescale/usr/local/gcc-4.6.2-glibc-2.13-linaro-multilib-2011.12/fsl-linaro-toolchain/bin/arm-none-linux-gnueabi-gcc -E'
ac_cv_prog_ac_ct_STRIP=strip
ac_cv_prog_cc_c89=
ac_cv_prog_cc_g=yes
ac_cv_prog_make_make_set=yes
ac_cv_search_strerror='none required'
am_cv_CC_dependencies_compiler_type=gcc3

## ----------------- ##
## Output variables. ##
## ----------------- ##

ACLOCAL='${SHELL} /second_extend/tom_temp/boot_flash/yocto_psplash/git/missing --run aclocal-1.11'
AMDEPBACKSLASH='\'
AMDEP_FALSE='#'
AMDEP_TRUE=''
AMTAR='$${TAR-tar}'
AUTOCONF='${SHELL} /second_extend/tom_temp/boot_flash/yocto_psplash/git/missing --run autoconf'
AUTOHEADER='${SHELL} /second_extend/tom_temp/boot_flash/yocto_psplash/git/missing --run autoheader'
AUTOMAKE='${SHELL} /second_extend/tom_temp/boot_flash/yocto_psplash/git/missing --run automake-1.11'
AWK='gawk'
CC='/opt/freescale/usr/local/gcc-4.6.2-glibc-2.13-linaro-multilib-2011.12/fsl-linaro-toolchain/bin/arm-none-linux-gnueabi-gcc'
CCDEPMODE='depmode=gcc3'
CFLAGS='-g -O2'
CPP='/opt/freescale/usr/local/gcc-4.6.2-glibc-2.13-linaro-multilib-2011.12/fsl-linaro-toolchain/bin/arm-none-linux-gnueabi-gcc -E'
CPPFLAGS=''
CYGPATH_W='echo'
DEFS='-DHAVE_CONFIG_H'
DEPDIR='.deps'
ECHO_C=''
ECHO_N='-n'
ECHO_T=''
EGREP='/bin/grep -E'
EXEEXT=''
GCC_FLAGS='-g -Wall'
GREP='/bin/grep'
INSTALL_DATA='${INSTALL} -m 644'
INSTALL_PROGRAM='${INSTALL}'
INSTALL_SCRIPT='${INSTALL}'
INSTALL_STRIP_PROGRAM='$(install_sh) -c -s'
LDFLAGS=''
LIBOBJS=''
LIBS=''
LTLIBOBJS=''
MAKEINFO='${SHELL} /second_extend/tom_temp/boot_flash/yocto_psplash/git/missing --run makeinfo'
MKDIR_P='/bin/mkdir -p'
OBJEXT='o'
PACKAGE='psplash'
PACKAGE_BUGREPORT='http://bugzilla.o-hand.com/enter_bug.cgi?product=psplash'
PACKAGE_NAME='psplash'
PACKAGE_STRING='psplash 0.1'
PACKAGE_TARNAME='psplash'
PACKAGE_URL=''
PACKAGE_VERSION='0.1'
PATH_SEPARATOR=':'
SET_MAKE=''
SHELL='/bin/bash'
STRIP='strip'
VERSION='0.1'
ac_ct_CC=''
am__EXEEXT_FALSE=''
am__EXEEXT_TRUE='#'
am__fastdepCC_FALSE='#'
am__fastdepCC_TRUE=''
am__include='include'
am__isrc=''
am__leading_dot='.'
am__nodep='_no'
am__quote=''
am__tar='$${TAR-tar} chof - "$$tardir"'
am__untar='$${TAR-tar} xf -'
bindir='${exec_prefix}/bin'
build_alias=''
datadir='${datarootdir}'
datarootdir='${prefix}/share'
docdir='${datarootdir}/doc/${PACKAGE_TARNAME}'
dvidir='${docdir}'
exec_prefix='${prefix}'
host_alias='arm'
htmldir='${docdir}'
includedir='${prefix}/include'
infodir='${datarootdir}/info'
install_sh='${SHELL} /second_extend/tom_temp/boot_flash/yocto_psplash/git/install-sh'
libdir='${exec_prefix}/lib'
libexecdir='${exec_prefix}/libexec'
localedir='${datarootdir}/locale'
localstatedir='${prefix}/var'
mandir='${datarootdir}/man'
mkdir_p='/bin/mkdir -p'
oldincludedir='/usr/include'
pdfdir='${docdir}'
prefix='/usr/local'
program_transform_name='s,x,x,'
psdir='${docdir}'
sbindir='${exec_prefix}/sbin'
sharedstatedir='${prefix}/com'
sysconfdir='${prefix}/etc'
target_alias=''

## ----------- ##
## confdefs.h. ##
## ----------- ##

/* confdefs.h */
#define PACKAGE_NAME "psplash"
#define PACKAGE_TARNAME "psplash"
#define PACKAGE_VERSION "0.1"
#define PACKAGE_STRING "psplash 0.1"
#define PACKAGE_BUGREPORT "http://bugzilla.o-hand.com/enter_bug.cgi?product=psplash"
#define PACKAGE_URL ""
#define PACKAGE "psplash"
#define VERSION "0.1"
#define STDC_HEADERS 1

configure: exit 0

## ---------------------- ##
## Running config.status. ##
## ---------------------- ##

This file was extended by psplash config.status 0.1, which was
generated by GNU Autoconf 2.68.  Invocation command line was

  CONFIG_FILES    = 
  CONFIG_HEADERS  = 
  CONFIG_LINKS    = 
  CONFIG_COMMANDS = 
  $ ./config.status config.h

on tom-virtual-machine

config.status:852: creating config.h
config.status:1033: config.h is unchanged
